2025-04-04 17:41:55,896 - INFO - Iniciant script d'entrenament. El log s'escriurà (o sobreescriurà) a training.log
2025-04-04 17:43:29,336 - INFO - Iniciant script d'entrenament v2. Log s'escriurà a training_full_v2.log
2025-04-04 17:43:29,336 - INFO - Splits a provar per CV: [3, 5, 7]
2025-04-04 17:43:29,336 - INFO - Mètrica Classificació Primària per defecte: f1_weighted
2025-04-04 17:43:29,336 - INFO - Mètriques de Classificació Rastrejades: ['accuracy', 'f1_weighted', 'precision_weighted', 'recall_weighted', 'f1_macro', 'precision_macro', 'recall_macro', 'roc_auc']
2025-04-04 17:43:29,336 - INFO - Mètriques de Regressió Rastrejades: ['mse', 'mae', 'rmse', 'r2']
2025-04-04 17:43:29,336 - INFO - TensorFlow/Keras Disponible: True
2025-04-04 17:43:29,336 - INFO - Statsmodels Disponible: True
2025-04-04 17:43:29,336 - INFO - XGBoost Disponible: True
2025-04-04 17:43:29,336 - INFO - Generant dades de mostra...
2025-04-04 17:43:29,357 - INFO - Data Shapes: X_train=(800, 500), y_train=(800,), Z_train=(800,)
2025-04-04 17:43:29,357 - INFO - Class Distribution in Train: Counter({0: 784, 1: 16})
2025-04-04 17:43:29,357 - INFO - Calculat scale_pos_weight: 49.0000 (784 neg / 16 pos)
2025-04-04 17:43:29,442 - INFO - --- Iniciant processament per: gradient_boosting_regressor ---
2025-04-04 17:43:29,443 - INFO - [gradient_boosting_regressor] Saltant/No aplicable selecció, usant 500 característiques.
2025-04-04 17:49:25,241 - INFO -     [gradient_boosting_regressor_splits_3_params_[('learning_rate', 0.005), ('max_depth', 9), ('n_estimators', 3000), ('subsample', 0.5)]] -> CV Mean Scores: {'mse': np.float64(0.01619), 'mse_std': np.float64(0.00391), 'mae': np.float64(0.10118), 'mae_std': np.float64(0.01296), 'rmse': np.float64(0.12632), 'rmse_std': np.float64(0.01529), 'r2': np.float64(0.95523), 'r2_std': np.float64(0.01251)}
2025-04-04 17:57:22,965 - INFO -     [gradient_boosting_regressor_splits_3_params_[('learning_rate', 0.005), ('max_depth', 9), ('n_estimators', 3000), ('subsample', 0.5)]] -> Final Test Metrics: {'mse': 0.01291, 'mae': 0.08891, 'rmse': np.float64(0.11362), 'r2': 0.96424}
2025-04-04 18:07:49,465 - INFO -     [gradient_boosting_regressor_splits_3_params_[('learning_rate', 0.002), ('max_depth', 9), ('n_estimators', 5000), ('subsample', 0.5)]] -> CV Mean Scores: {'mse': np.float64(0.01612), 'mse_std': np.float64(0.00384), 'mae': np.float64(0.10117), 'mae_std': np.float64(0.01298), 'rmse': np.float64(0.12605), 'rmse_std': np.float64(0.01516), 'r2': np.float64(0.95545), 'r2_std': np.float64(0.01228)}
2025-04-04 18:21:00,280 - INFO -     [gradient_boosting_regressor_splits_3_params_[('learning_rate', 0.002), ('max_depth', 9), ('n_estimators', 5000), ('subsample', 0.5)]] -> Final Test Metrics: {'mse': 0.013, 'mae': 0.08872, 'rmse': np.float64(0.11403), 'r2': 0.96398}
2025-04-04 18:37:31,403 - INFO -     [gradient_boosting_regressor_splits_3_params_[('learning_rate', 0.002), ('max_depth', 9), ('n_estimators', 7500), ('subsample', 0.5)]] -> CV Mean Scores: {'mse': np.float64(0.01611), 'mse_std': np.float64(0.00384), 'mae': np.float64(0.10116), 'mae_std': np.float64(0.01299), 'rmse': np.float64(0.12603), 'rmse_std': np.float64(0.01517), 'r2': np.float64(0.95546), 'r2_std': np.float64(0.01228)}
2025-04-04 18:57:18,521 - INFO -     [gradient_boosting_regressor_splits_3_params_[('learning_rate', 0.002), ('max_depth', 9), ('n_estimators', 7500), ('subsample', 0.5)]] -> Final Test Metrics: {'mse': 0.013, 'mae': 0.0887, 'rmse': np.float64(0.114), 'r2': 0.96399}
2025-04-04 19:03:57,771 - INFO -     [gradient_boosting_regressor_splits_5_params_[('learning_rate', 0.005), ('max_depth', 9), ('n_estimators', 3000), ('subsample', 0.5)]] -> CV Mean Scores: {'mse': np.float64(0.01764), 'mse_std': np.float64(0.00623), 'mae': np.float64(0.10545), 'mae_std': np.float64(0.01944), 'rmse': np.float64(0.13084), 'rmse_std': np.float64(0.02293), 'r2': np.float64(0.952), 'r2_std': np.float64(0.0172)}
2025-04-04 19:11:56,869 - INFO -     [gradient_boosting_regressor_splits_5_params_[('learning_rate', 0.005), ('max_depth', 9), ('n_estimators', 3000), ('subsample', 0.5)]] -> Final Test Metrics: {'mse': 0.01291, 'mae': 0.08891, 'rmse': np.float64(0.11362), 'r2': 0.96424}
2025-04-04 19:22:50,275 - INFO -     [gradient_boosting_regressor_splits_5_params_[('learning_rate', 0.002), ('max_depth', 9), ('n_estimators', 5000), ('subsample', 0.5)]] -> CV Mean Scores: {'mse': np.float64(0.01752), 'mse_std': np.float64(0.00592), 'mae': np.float64(0.10505), 'mae_std': np.float64(0.01848), 'rmse': np.float64(0.13055), 'rmse_std': np.float64(0.02194), 'r2': np.float64(0.95231), 'r2_std': np.float64(0.01642)}
2025-04-04 19:36:06,847 - INFO -     [gradient_boosting_regressor_splits_5_params_[('learning_rate', 0.002), ('max_depth', 9), ('n_estimators', 5000), ('subsample', 0.5)]] -> Final Test Metrics: {'mse': 0.013, 'mae': 0.08872, 'rmse': np.float64(0.11403), 'r2': 0.96398}
2025-04-04 19:55:04,519 - INFO -     [gradient_boosting_regressor_splits_5_params_[('learning_rate', 0.002), ('max_depth', 9), ('n_estimators', 7500), ('subsample', 0.5)]] -> CV Mean Scores: {'mse': np.float64(0.01752), 'mse_std': np.float64(0.00592), 'mae': np.float64(0.10504), 'mae_std': np.float64(0.0185), 'rmse': np.float64(0.13054), 'rmse_std': np.float64(0.02195), 'r2': np.float64(0.95232), 'r2_std': np.float64(0.01643)}
2025-04-04 20:15:14,549 - INFO -     [gradient_boosting_regressor_splits_5_params_[('learning_rate', 0.002), ('max_depth', 9), ('n_estimators', 7500), ('subsample', 0.5)]] -> Final Test Metrics: {'mse': 0.013, 'mae': 0.0887, 'rmse': np.float64(0.114), 'r2': 0.96399}
2025-04-04 20:23:18,914 - INFO -     [gradient_boosting_regressor_splits_7_params_[('learning_rate', 0.005), ('max_depth', 9), ('n_estimators', 3000), ('subsample', 0.5)]] -> CV Mean Scores: {'mse': np.float64(0.01698), 'mse_std': np.float64(0.005), 'mae': np.float64(0.10301), 'mae_std': np.float64(0.01543), 'rmse': np.float64(0.12892), 'rmse_std': np.float64(0.01908), 'r2': np.float64(0.9544), 'r2_std': np.float64(0.01243)}
2025-04-04 20:31:17,186 - INFO -     [gradient_boosting_regressor_splits_7_params_[('learning_rate', 0.005), ('max_depth', 9), ('n_estimators', 3000), ('subsample', 0.5)]] -> Final Test Metrics: {'mse': 0.01291, 'mae': 0.08891, 'rmse': np.float64(0.11362), 'r2': 0.96424}
2025-04-04 20:44:38,364 - INFO -     [gradient_boosting_regressor_splits_7_params_[('learning_rate', 0.002), ('max_depth', 9), ('n_estimators', 5000), ('subsample', 0.5)]] -> CV Mean Scores: {'mse': np.float64(0.0171), 'mse_std': np.float64(0.0051), 'mae': np.float64(0.10371), 'mae_std': np.float64(0.016), 'rmse': np.float64(0.12932), 'rmse_std': np.float64(0.01934), 'r2': np.float64(0.95412), 'r2_std': np.float64(0.01259)}
2025-04-04 20:57:48,038 - INFO -     [gradient_boosting_regressor_splits_7_params_[('learning_rate', 0.002), ('max_depth', 9), ('n_estimators', 5000), ('subsample', 0.5)]] -> Final Test Metrics: {'mse': 0.013, 'mae': 0.08872, 'rmse': np.float64(0.11403), 'r2': 0.96398}
2025-04-04 21:18:00,135 - INFO -     [gradient_boosting_regressor_splits_7_params_[('learning_rate', 0.002), ('max_depth', 9), ('n_estimators', 7500), ('subsample', 0.5)]] -> CV Mean Scores: {'mse': np.float64(0.01709), 'mse_std': np.float64(0.0051), 'mae': np.float64(0.10369), 'mae_std': np.float64(0.016), 'rmse': np.float64(0.1293), 'rmse_std': np.float64(0.01934), 'r2': np.float64(0.95413), 'r2_std': np.float64(0.01259)}
2025-04-04 21:37:54,488 - INFO -     [gradient_boosting_regressor_splits_7_params_[('learning_rate', 0.002), ('max_depth', 9), ('n_estimators', 7500), ('subsample', 0.5)]] -> Final Test Metrics: {'mse': 0.013, 'mae': 0.0887, 'rmse': np.float64(0.114), 'r2': 0.96399}
2025-04-04 21:37:54,617 - INFO - 
--- Identificant Millors Models per Mètrica ---
2025-04-04 21:37:54,620 - INFO - Intentant guardar resultats detallats en 'resultados_modelos_detallado_v3_multi_metric.json'...
2025-04-04 21:37:54,622 - INFO - Resultats detallats guardats correctament en 'resultados_modelos_detallado_v3_multi_metric.json'
2025-04-04 21:37:54,622 - INFO - 
Procés completat.
